<?xml version="1.0" encoding="UTF-8"?>
<testsuite failures="0" tests="7" errors="0" name="Tests" skip="0">
<testcase classname="Tests.Test.ComponentTest" name="Check Service 1 With Current ENV Config in Docker-Compose.yml" time="0">
</testcase>
<testcase classname="Tests.Test.ComponentTest" name="Check Service 1 Path 2 With Current ENV Config in Docker-Compose.yml" time="0">
</testcase>
<testcase classname="Tests.Test.ComponentTest" name="Check Service 2 With Current ENV Config in Docker-Compose.yml" time="0">
</testcase>
<testcase classname="Tests.Test.ComponentTestDebugStack" name="Check Localhost:8080 Is Working" time="8">
</testcase>
<testcase classname="Tests.Test.ComponentTestFrontend" name="Check Service 1 With Current ENV Config in Docker-Compose.yml" time="8">
</testcase>
<testcase classname="Tests.Test.ComponentTestFrontend" name="Check Service 2 With Current ENV Config in Docker-Compose.yml" time="8">
</testcase>
<testcase classname="Tests.Test.HelloWorld" name="HelloWorld" time="0">
</testcase>
</testsuite>
